2024-09-18 00:04:18 INFO  i.l.core.protocol.ConnectionWatchdog - Reconnecting, last destination was /47.98.224.148:6379
2024-09-18 00:04:18 INFO  i.l.c.protocol.ReconnectionHandler - Reconnected to 47.98.224.148:6379
2024-09-18 00:06:42 INFO  c.x.OnlineEducationPlatformWebApplication - Starting OnlineEducationPlatformWebApplication using Java 1.8.0_391 on LAPTOP-1KP0AUAC with PID 18120 (D:\code\online-education-platform\online-education-platform-web\target\classes started by 19845 in D:\code\online-education-platform)
2024-09-18 00:06:42 INFO  c.x.OnlineEducationPlatformWebApplication - No active profile set, falling back to 1 default profile: "default"
2024-09-18 00:06:43 INFO  o.s.d.r.c.RepositoryConfigurationDelegate - Multiple Spring Data modules found, entering strict repository configuration mode
2024-09-18 00:06:43 INFO  o.s.d.r.c.RepositoryConfigurationDelegate - Bootstrapping Spring Data Redis repositories in DEFAULT mode.
2024-09-18 00:06:43 INFO  o.s.d.r.c.RepositoryConfigurationDelegate - Finished Spring Data repository scanning in 7 ms. Found 0 Redis repository interfaces.
2024-09-18 00:06:43 INFO  o.s.b.w.e.tomcat.TomcatWebServer - Tomcat initialized with port(s): 8080 (http)
2024-09-18 00:06:43 INFO  o.a.catalina.core.StandardService - Starting service [Tomcat]
2024-09-18 00:06:43 INFO  o.a.catalina.core.StandardEngine - Starting Servlet engine: [Apache Tomcat/9.0.65]
2024-09-18 00:06:43 INFO  o.a.c.c.C.[Tomcat].[localhost].[/] - Initializing Spring embedded WebApplicationContext
2024-09-18 00:06:43 INFO  o.s.b.w.s.c.ServletWebServerApplicationContext - Root WebApplicationContext: initialization completed in 884 ms
2024-09-18 00:06:44 INFO  com.xian.config.WebMvcConfiguration - 生成接口文档
2024-09-18 00:06:44 INFO  o.s.b.w.e.tomcat.TomcatWebServer - Tomcat started on port(s): 8080 (http) with context path ''
2024-09-18 00:06:44 INFO  c.x.scheduler.UserRegisterConsumer - 开始处理用户注册消息 每 1 秒执行一次
2024-09-18 00:06:44 INFO  c.x.OnlineEducationPlatformWebApplication - Started OnlineEducationPlatformWebApplication in 2.439 seconds (JVM running for 3.034)
2024-09-18 00:06:51 INFO  o.a.c.c.C.[Tomcat].[localhost].[/] - Initializing Spring DispatcherServlet 'dispatcherServlet'
2024-09-18 00:06:51 INFO  o.s.web.servlet.DispatcherServlet - Initializing Servlet 'dispatcherServlet'
2024-09-18 00:06:51 INFO  o.s.web.servlet.DispatcherServlet - Completed initialization in 1 ms
2024-09-18 00:06:51 INFO  com.xian.interceptor.JwtInterceptor - JwtInterceptor拦截器运行
2024-09-18 00:06:51 INFO  com.xian.interceptor.JwtInterceptor - 拦截URL:[/online/videos/upload]
2024-09-18 00:06:51 INFO  com.xian.interceptor.JwtInterceptor - redis中用户信息为：{userType=teacher, userId=4, username=lz}
2024-09-18 00:07:50 WARN  o.s.web.servlet.PageNotFound - No mapping for GET /online/videos/bf08c2e2-b0c4-4465-b9c0-acbb50cf77e8
2024-09-18 00:08:02 WARN  o.s.web.servlet.PageNotFound - No mapping for GET /online/videos/bf08c2e2-b0c4-4465-b9c0-acbb50cf77e8.
2024-09-18 00:08:22 WARN  o.s.web.servlet.PageNotFound - No mapping for GET /online/play/bf08c2e2-b0c4-4465-b9c0-acbb50cf77e8.
2024-09-18 00:08:27 WARN  o.s.web.servlet.PageNotFound - No mapping for GET /online/play/bf08c2e2-b0c4-4465-b9c0-acbb50cf77e8
2024-09-18 00:08:52 INFO  com.xian.interceptor.JwtInterceptor - JwtInterceptor拦截器运行
2024-09-18 00:08:52 INFO  com.xian.interceptor.JwtInterceptor - 拦截URL:[/online/videos/play/bf08c2e2-b0c4-4465-b9c0-acbb50cf77e8]
2024-09-18 00:08:52 INFO  com.xian.interceptor.JwtInterceptor - redis中用户信息为：{userType=teacher, userId=4, username=lz}
2024-09-18 00:13:53 INFO  i.l.core.protocol.ConnectionWatchdog - Reconnecting, last destination was /47.98.224.148:6379
2024-09-18 00:13:53 INFO  i.l.c.protocol.ReconnectionHandler - Reconnected to 47.98.224.148:6379
2024-09-18 00:18:54 INFO  i.l.core.protocol.ConnectionWatchdog - Reconnecting, last destination was /47.98.224.148:6379
2024-09-18 00:18:54 INFO  i.l.c.protocol.ReconnectionHandler - Reconnected to 47.98.224.148:6379
2024-09-18 00:21:04 INFO  c.x.OnlineEducationPlatformWebApplication - Starting OnlineEducationPlatformWebApplication using Java 1.8.0_391 on LAPTOP-1KP0AUAC with PID 10936 (D:\code\online-education-platform\online-education-platform-web\target\classes started by 19845 in D:\code\online-education-platform)
2024-09-18 00:21:04 INFO  c.x.OnlineEducationPlatformWebApplication - No active profile set, falling back to 1 default profile: "default"
2024-09-18 00:21:04 INFO  o.s.d.r.c.RepositoryConfigurationDelegate - Multiple Spring Data modules found, entering strict repository configuration mode
2024-09-18 00:21:04 INFO  o.s.d.r.c.RepositoryConfigurationDelegate - Bootstrapping Spring Data Redis repositories in DEFAULT mode.
2024-09-18 00:21:04 INFO  o.s.d.r.c.RepositoryConfigurationDelegate - Finished Spring Data repository scanning in 9 ms. Found 0 Redis repository interfaces.
2024-09-18 00:21:04 INFO  o.s.b.w.e.tomcat.TomcatWebServer - Tomcat initialized with port(s): 8080 (http)
2024-09-18 00:21:04 INFO  o.a.catalina.core.StandardService - Starting service [Tomcat]
2024-09-18 00:21:04 INFO  o.a.catalina.core.StandardEngine - Starting Servlet engine: [Apache Tomcat/9.0.65]
2024-09-18 00:21:05 INFO  o.a.c.c.C.[Tomcat].[localhost].[/] - Initializing Spring embedded WebApplicationContext
2024-09-18 00:21:05 INFO  o.s.b.w.s.c.ServletWebServerApplicationContext - Root WebApplicationContext: initialization completed in 954 ms
2024-09-18 00:21:06 INFO  com.xian.config.WebMvcConfiguration - 生成接口文档
2024-09-18 00:21:06 INFO  o.s.b.w.e.tomcat.TomcatWebServer - Tomcat started on port(s): 8080 (http) with context path ''
2024-09-18 00:21:06 INFO  c.x.scheduler.UserRegisterConsumer - 开始处理用户注册消息 每 1 秒执行一次
2024-09-18 00:21:06 INFO  c.x.OnlineEducationPlatformWebApplication - Started OnlineEducationPlatformWebApplication in 2.714 seconds (JVM running for 3.357)
2024-09-18 00:22:02 INFO  o.a.c.c.C.[Tomcat].[localhost].[/] - Initializing Spring DispatcherServlet 'dispatcherServlet'
2024-09-18 00:22:02 INFO  o.s.web.servlet.DispatcherServlet - Initializing Servlet 'dispatcherServlet'
2024-09-18 00:22:02 INFO  o.s.web.servlet.DispatcherServlet - Completed initialization in 1 ms
2024-09-18 00:22:02 INFO  com.xian.interceptor.JwtInterceptor - JwtInterceptor拦截器运行
2024-09-18 00:22:02 INFO  com.xian.interceptor.JwtInterceptor - 拦截URL:[/online/videos/delete/bf08c2e2-b0c4-4465-b9c0-acbb50cf77e8]
2024-09-18 00:22:02 INFO  com.xian.interceptor.JwtInterceptor - redis中用户信息为：{userType=teacher, userId=4, username=lz}
2024-09-18 00:22:25 INFO  com.xian.interceptor.JwtInterceptor - JwtInterceptor拦截器运行
2024-09-18 00:22:25 INFO  com.xian.interceptor.JwtInterceptor - 拦截URL:[/online/videos/delete/da581132-2627-4290-b528-06e9367509bb]
2024-09-18 00:22:25 INFO  com.xian.interceptor.JwtInterceptor - redis中用户信息为：{userType=teacher, userId=4, username=lz}
2024-09-18 00:25:01 INFO  c.x.OnlineEducationPlatformWebApplication - Starting OnlineEducationPlatformWebApplication using Java 1.8.0_391 on LAPTOP-1KP0AUAC with PID 19644 (D:\code\online-education-platform\online-education-platform-web\target\classes started by 19845 in D:\code\online-education-platform)
2024-09-18 00:25:01 INFO  c.x.OnlineEducationPlatformWebApplication - No active profile set, falling back to 1 default profile: "default"
2024-09-18 00:25:01 INFO  o.s.d.r.c.RepositoryConfigurationDelegate - Multiple Spring Data modules found, entering strict repository configuration mode
2024-09-18 00:25:01 INFO  o.s.d.r.c.RepositoryConfigurationDelegate - Bootstrapping Spring Data Redis repositories in DEFAULT mode.
2024-09-18 00:25:01 INFO  o.s.d.r.c.RepositoryConfigurationDelegate - Finished Spring Data repository scanning in 9 ms. Found 0 Redis repository interfaces.
2024-09-18 00:25:02 INFO  o.s.b.w.e.tomcat.TomcatWebServer - Tomcat initialized with port(s): 8080 (http)
2024-09-18 00:25:02 INFO  o.a.catalina.core.StandardService - Starting service [Tomcat]
2024-09-18 00:25:02 INFO  o.a.catalina.core.StandardEngine - Starting Servlet engine: [Apache Tomcat/9.0.65]
2024-09-18 00:25:02 INFO  o.a.c.c.C.[Tomcat].[localhost].[/] - Initializing Spring embedded WebApplicationContext
2024-09-18 00:25:02 INFO  o.s.b.w.s.c.ServletWebServerApplicationContext - Root WebApplicationContext: initialization completed in 1035 ms
2024-09-18 00:25:03 INFO  com.xian.config.WebMvcConfiguration - 生成接口文档
2024-09-18 00:25:03 INFO  o.s.b.w.e.tomcat.TomcatWebServer - Tomcat started on port(s): 8080 (http) with context path ''
2024-09-18 00:25:03 INFO  c.x.scheduler.UserRegisterConsumer - 开始处理用户注册消息 每 1 秒执行一次
2024-09-18 00:25:03 INFO  c.x.OnlineEducationPlatformWebApplication - Started OnlineEducationPlatformWebApplication in 2.86 seconds (JVM running for 3.492)
2024-09-18 00:25:38 INFO  o.a.c.c.C.[Tomcat].[localhost].[/] - Initializing Spring DispatcherServlet 'dispatcherServlet'
2024-09-18 00:25:38 INFO  o.s.web.servlet.DispatcherServlet - Initializing Servlet 'dispatcherServlet'
2024-09-18 00:25:38 INFO  o.s.web.servlet.DispatcherServlet - Completed initialization in 2 ms
2024-09-18 00:25:38 INFO  com.xian.interceptor.JwtInterceptor - JwtInterceptor拦截器运行
2024-09-18 00:25:38 INFO  com.xian.interceptor.JwtInterceptor - 拦截URL:[/online/videos/delete/da581132-2627-4290-b528-06e9367509bb]
2024-09-18 00:25:38 INFO  com.xian.interceptor.JwtInterceptor - redis中用户信息为：{userType=teacher, userId=4, username=lz}
2024-09-18 00:25:44 INFO  com.xian.interceptor.JwtInterceptor - JwtInterceptor拦截器运行
2024-09-18 00:25:44 INFO  com.xian.interceptor.JwtInterceptor - 拦截URL:[/online/videos/play/bf08c2e2-b0c4-4465-b9c0-acbb50cf77e8]
2024-09-18 00:25:44 INFO  com.xian.interceptor.JwtInterceptor - redis中用户信息为：{userType=teacher, userId=4, username=lz}
2024-09-18 00:26:23 INFO  com.xian.interceptor.JwtInterceptor - JwtInterceptor拦截器运行
2024-09-18 00:26:23 INFO  com.xian.interceptor.JwtInterceptor - 拦截URL:[/online/videos/upload]
2024-09-18 00:26:23 INFO  com.xian.interceptor.JwtInterceptor - redis中用户信息为：{userType=teacher, userId=4, username=lz}
2024-09-18 00:26:47 INFO  com.xian.interceptor.JwtInterceptor - JwtInterceptor拦截器运行
2024-09-18 00:26:47 INFO  com.xian.interceptor.JwtInterceptor - 拦截URL:[/online/videos/play/cff1b8ff-b225-49b0-8b10-9e9d3eb9de05]
2024-09-18 00:26:47 INFO  com.xian.interceptor.JwtInterceptor - redis中用户信息为：{userType=teacher, userId=4, username=lz}
2024-09-18 00:27:06 INFO  com.xian.interceptor.JwtInterceptor - JwtInterceptor拦截器运行
2024-09-18 00:27:06 INFO  com.xian.interceptor.JwtInterceptor - 拦截URL:[/online/videos/delete/cff1b8ff-b225-49b0-8b10-9e9d3eb9de05]
2024-09-18 00:27:06 INFO  com.xian.interceptor.JwtInterceptor - redis中用户信息为：{userType=teacher, userId=4, username=lz}
2024-09-18 18:56:39 INFO  c.x.OnlineEducationPlatformWebApplication - Starting OnlineEducationPlatformWebApplication using Java 1.8.0_391 on LAPTOP-1KP0AUAC with PID 25880 (D:\code\online-education-platform\online-education-platform-web\target\classes started by 19845 in D:\code\online-education-platform)
2024-09-18 18:56:39 INFO  c.x.OnlineEducationPlatformWebApplication - No active profile set, falling back to 1 default profile: "default"
2024-09-18 18:56:40 INFO  o.s.d.r.c.RepositoryConfigurationDelegate - Multiple Spring Data modules found, entering strict repository configuration mode
2024-09-18 18:56:40 INFO  o.s.d.r.c.RepositoryConfigurationDelegate - Bootstrapping Spring Data Redis repositories in DEFAULT mode.
2024-09-18 18:56:40 INFO  o.s.d.r.c.RepositoryConfigurationDelegate - Finished Spring Data repository scanning in 7 ms. Found 0 Redis repository interfaces.
2024-09-18 18:56:40 INFO  o.s.b.w.e.tomcat.TomcatWebServer - Tomcat initialized with port(s): 8080 (http)
2024-09-18 18:56:40 INFO  o.a.catalina.core.StandardService - Starting service [Tomcat]
2024-09-18 18:56:40 INFO  o.a.catalina.core.StandardEngine - Starting Servlet engine: [Apache Tomcat/9.0.65]
2024-09-18 18:56:40 INFO  o.a.c.c.C.[Tomcat].[localhost].[/] - Initializing Spring embedded WebApplicationContext
2024-09-18 18:56:40 INFO  o.s.b.w.s.c.ServletWebServerApplicationContext - Root WebApplicationContext: initialization completed in 1087 ms
2024-09-18 18:56:41 INFO  com.xian.config.WebMvcConfiguration - 生成接口文档
2024-09-18 18:56:42 INFO  o.s.b.w.e.tomcat.TomcatWebServer - Tomcat started on port(s): 8080 (http) with context path ''
2024-09-18 18:56:42 INFO  c.x.scheduler.UserRegisterConsumer - 开始处理用户注册消息 每 1 秒执行一次
2024-09-18 18:56:42 INFO  c.x.OnlineEducationPlatformWebApplication - Started OnlineEducationPlatformWebApplication in 2.563 seconds (JVM running for 3.115)
2024-09-18 18:57:48 INFO  o.a.c.c.C.[Tomcat].[localhost].[/] - Initializing Spring DispatcherServlet 'dispatcherServlet'
2024-09-18 18:57:48 INFO  o.s.web.servlet.DispatcherServlet - Initializing Servlet 'dispatcherServlet'
2024-09-18 18:57:48 INFO  o.s.web.servlet.DispatcherServlet - Completed initialization in 0 ms
2024-09-18 18:57:48 INFO  com.xian.interceptor.JwtInterceptor - JwtInterceptor拦截器运行
2024-09-18 18:57:48 INFO  com.xian.interceptor.JwtInterceptor - 拦截URL:[/online/videos/play/bf08c2e2-b0c4-4465-b9c0-acbb50cf77e8]
2024-09-18 18:57:48 INFO  com.xian.interceptor.JwtInterceptor - redis中用户信息为：{userType=teacher, userId=4, username=lz}
2024-09-18 18:59:42 WARN  o.s.web.servlet.PageNotFound - No mapping for GET /favicon.ico
2024-09-18 19:02:49 INFO  i.l.core.protocol.ConnectionWatchdog - Reconnecting, last destination was /47.98.224.148:6379
2024-09-18 19:02:49 INFO  i.l.c.protocol.ReconnectionHandler - Reconnected to 47.98.224.148:6379
2024-09-18 19:04:58 INFO  com.xian.interceptor.JwtInterceptor - JwtInterceptor拦截器运行
2024-09-18 19:04:58 INFO  com.xian.interceptor.JwtInterceptor - 拦截URL:[/online/chapters/addChapter]
2024-09-18 19:04:58 INFO  com.xian.interceptor.JwtInterceptor - redis中用户信息为：{userType=teacher, userId=4, username=lz}
2024-09-18 19:04:58 WARN  o.s.w.s.m.s.DefaultHandlerExceptionResolver - Resolved [org.springframework.web.HttpMediaTypeNotSupportedException: Content type 'multipart/form-data;boundary=--------------------------350164142438890369504182;charset=UTF-8' not supported]
2024-09-18 19:05:20 INFO  com.xian.interceptor.JwtInterceptor - JwtInterceptor拦截器运行
2024-09-18 19:05:20 INFO  com.xian.interceptor.JwtInterceptor - 拦截URL:[/online/chapters/addChapter]
2024-09-18 19:05:20 INFO  com.xian.interceptor.JwtInterceptor - redis中用户信息为：{userType=teacher, userId=4, username=lz}
2024-09-18 19:05:20 WARN  o.s.w.s.m.s.DefaultHandlerExceptionResolver - Resolved [org.springframework.web.HttpMediaTypeNotSupportedException: Content type 'multipart/form-data;boundary=--------------------------558486596902299211188979;charset=UTF-8' not supported]
2024-09-18 19:09:29 INFO  com.xian.interceptor.JwtInterceptor - JwtInterceptor拦截器运行
2024-09-18 19:09:29 INFO  com.xian.interceptor.JwtInterceptor - 拦截URL:[/online/chapters/addChapter]
2024-09-18 19:09:29 INFO  com.xian.interceptor.JwtInterceptor - redis中用户信息为：{userType=teacher, userId=4, username=lz}
2024-09-18 19:09:29 WARN  o.s.w.s.m.s.DefaultHandlerExceptionResolver - Resolved [org.springframework.web.HttpMediaTypeNotSupportedException: Content type 'multipart/form-data;boundary=--------------------------037389653603716692209455;charset=UTF-8' not supported]
2024-09-18 19:11:59 INFO  c.x.OnlineEducationPlatformWebApplication - Starting OnlineEducationPlatformWebApplication using Java 1.8.0_391 on LAPTOP-1KP0AUAC with PID 28164 (D:\code\online-education-platform\online-education-platform-web\target\classes started by 19845 in D:\code\online-education-platform)
2024-09-18 19:11:59 INFO  c.x.OnlineEducationPlatformWebApplication - No active profile set, falling back to 1 default profile: "default"
2024-09-18 19:11:59 INFO  o.s.d.r.c.RepositoryConfigurationDelegate - Multiple Spring Data modules found, entering strict repository configuration mode
2024-09-18 19:11:59 INFO  o.s.d.r.c.RepositoryConfigurationDelegate - Bootstrapping Spring Data Redis repositories in DEFAULT mode.
2024-09-18 19:11:59 INFO  o.s.d.r.c.RepositoryConfigurationDelegate - Finished Spring Data repository scanning in 6 ms. Found 0 Redis repository interfaces.
2024-09-18 19:11:59 INFO  o.s.b.w.e.tomcat.TomcatWebServer - Tomcat initialized with port(s): 8080 (http)
2024-09-18 19:12:00 INFO  o.a.catalina.core.StandardService - Starting service [Tomcat]
2024-09-18 19:12:00 INFO  o.a.catalina.core.StandardEngine - Starting Servlet engine: [Apache Tomcat/9.0.65]
2024-09-18 19:12:00 INFO  o.a.c.c.C.[Tomcat].[localhost].[/] - Initializing Spring embedded WebApplicationContext
2024-09-18 19:12:00 INFO  o.s.b.w.s.c.ServletWebServerApplicationContext - Root WebApplicationContext: initialization completed in 731 ms
2024-09-18 19:12:00 INFO  com.xian.config.WebMvcConfiguration - 生成接口文档
2024-09-18 19:12:01 INFO  o.s.b.w.e.tomcat.TomcatWebServer - Tomcat started on port(s): 8080 (http) with context path ''
2024-09-18 19:12:01 INFO  c.x.scheduler.UserRegisterConsumer - 开始处理用户注册消息 每 1 秒执行一次
2024-09-18 19:12:01 INFO  c.x.OnlineEducationPlatformWebApplication - Started OnlineEducationPlatformWebApplication in 2.041 seconds (JVM running for 2.472)
2024-09-18 19:12:08 INFO  o.a.c.c.C.[Tomcat].[localhost].[/] - Initializing Spring DispatcherServlet 'dispatcherServlet'
2024-09-18 19:12:08 INFO  o.s.web.servlet.DispatcherServlet - Initializing Servlet 'dispatcherServlet'
2024-09-18 19:12:08 INFO  o.s.web.servlet.DispatcherServlet - Completed initialization in 1 ms
2024-09-18 19:12:08 INFO  com.xian.interceptor.JwtInterceptor - JwtInterceptor拦截器运行
2024-09-18 19:12:08 INFO  com.xian.interceptor.JwtInterceptor - 拦截URL:[/online/chapters/addChapter]
2024-09-18 19:12:08 INFO  com.xian.interceptor.JwtInterceptor - redis中用户信息为：{userType=teacher, userId=4, username=lz}
2024-09-18 19:12:12 INFO  com.zaxxer.hikari.HikariDataSource - HikariPool-1 - Starting...
2024-09-18 19:12:13 INFO  com.zaxxer.hikari.HikariDataSource - HikariPool-1 - Start completed.
2024-09-18 19:15:07 INFO  com.xian.interceptor.JwtInterceptor - JwtInterceptor拦截器运行
2024-09-18 19:15:07 INFO  com.xian.interceptor.JwtInterceptor - 拦截URL:[/online/chapters/addChapter]
2024-09-18 19:15:07 INFO  com.xian.interceptor.JwtInterceptor - redis中用户信息为：{userType=teacher, userId=4, username=lz}
2024-09-18 19:16:07 INFO  com.xian.interceptor.JwtInterceptor - JwtInterceptor拦截器运行
2024-09-18 19:16:07 INFO  com.xian.interceptor.JwtInterceptor - 拦截URL:[/online/chapters/addChapter]
2024-09-18 19:16:07 INFO  com.xian.interceptor.JwtInterceptor - redis中用户信息为：{userType=teacher, userId=4, username=lz}
2024-09-18 19:18:13 INFO  com.xian.interceptor.JwtInterceptor - JwtInterceptor拦截器运行
2024-09-18 19:18:13 INFO  com.xian.interceptor.JwtInterceptor - 拦截URL:[/online/chapters/addChapter]
2024-09-18 19:18:13 INFO  com.xian.interceptor.JwtInterceptor - redis中用户信息为：{userType=teacher, userId=4, username=lz}
2024-09-18 19:18:17 INFO  c.x.service.impl.ChaptersServiceImpl - chapters:com.xian.model.Chapters@43754ac5
2024-09-18 19:20:13 INFO  com.xian.interceptor.JwtInterceptor - JwtInterceptor拦截器运行
2024-09-18 19:20:13 INFO  com.xian.interceptor.JwtInterceptor - 拦截URL:[/online/chapters/addChapter]
2024-09-18 19:20:13 INFO  com.xian.interceptor.JwtInterceptor - redis中用户信息为：{userType=teacher, userId=4, username=lz}
2024-09-18 19:20:17 INFO  c.x.service.impl.ChaptersServiceImpl - chapters:com.xian.model.Chapters@1168ffec
2024-09-18 19:21:58 INFO  com.xian.interceptor.JwtInterceptor - JwtInterceptor拦截器运行
2024-09-18 19:21:58 INFO  com.xian.interceptor.JwtInterceptor - 拦截URL:[/online/chapters//getChapterVideo/1]
2024-09-18 19:21:58 INFO  com.xian.interceptor.JwtInterceptor - redis中用户信息为：{userType=teacher, userId=4, username=lz}
2024-09-18 19:22:12 INFO  com.xian.interceptor.JwtInterceptor - JwtInterceptor拦截器运行
2024-09-18 19:22:12 INFO  com.xian.interceptor.JwtInterceptor - 拦截URL:[/online/chapters//getChapterVideo/1]
2024-09-18 19:22:12 INFO  com.xian.interceptor.JwtInterceptor - redis中用户信息为：{userType=teacher, userId=4, username=lz}
2024-09-18 19:25:20 INFO  com.zaxxer.hikari.HikariDataSource - HikariPool-1 - Shutdown initiated...
2024-09-18 19:25:30 INFO  c.x.OnlineEducationPlatformWebApplication - Starting OnlineEducationPlatformWebApplication using Java 1.8.0_391 on LAPTOP-1KP0AUAC with PID 25856 (D:\code\online-education-platform\online-education-platform-web\target\classes started by 19845 in D:\code\online-education-platform)
2024-09-18 19:25:30 INFO  c.x.OnlineEducationPlatformWebApplication - No active profile set, falling back to 1 default profile: "default"
2024-09-18 19:25:30 INFO  o.s.d.r.c.RepositoryConfigurationDelegate - Multiple Spring Data modules found, entering strict repository configuration mode
2024-09-18 19:25:30 INFO  o.s.d.r.c.RepositoryConfigurationDelegate - Bootstrapping Spring Data Redis repositories in DEFAULT mode.
2024-09-18 19:25:30 INFO  o.s.d.r.c.RepositoryConfigurationDelegate - Finished Spring Data repository scanning in 6 ms. Found 0 Redis repository interfaces.
2024-09-18 19:25:30 INFO  o.s.b.w.e.tomcat.TomcatWebServer - Tomcat initialized with port(s): 8080 (http)
2024-09-18 19:25:30 INFO  o.a.catalina.core.StandardService - Starting service [Tomcat]
2024-09-18 19:25:30 INFO  o.a.catalina.core.StandardEngine - Starting Servlet engine: [Apache Tomcat/9.0.65]
2024-09-18 19:25:30 INFO  o.a.c.c.C.[Tomcat].[localhost].[/] - Initializing Spring embedded WebApplicationContext
2024-09-18 19:25:30 INFO  o.s.b.w.s.c.ServletWebServerApplicationContext - Root WebApplicationContext: initialization completed in 737 ms
2024-09-18 19:25:31 INFO  com.xian.config.WebMvcConfiguration - 生成接口文档
2024-09-18 19:25:31 INFO  o.s.b.w.e.tomcat.TomcatWebServer - Tomcat started on port(s): 8080 (http) with context path ''
2024-09-18 19:25:32 INFO  c.x.scheduler.UserRegisterConsumer - 开始处理用户注册消息 每 1 秒执行一次
2024-09-18 19:25:32 INFO  c.x.OnlineEducationPlatformWebApplication - Started OnlineEducationPlatformWebApplication in 2.045 seconds (JVM running for 2.481)
2024-09-18 19:25:35 INFO  o.a.c.c.C.[Tomcat].[localhost].[/] - Initializing Spring DispatcherServlet 'dispatcherServlet'
2024-09-18 19:25:35 INFO  o.s.web.servlet.DispatcherServlet - Initializing Servlet 'dispatcherServlet'
2024-09-18 19:25:35 INFO  o.s.web.servlet.DispatcherServlet - Completed initialization in 0 ms
2024-09-18 19:25:35 INFO  com.xian.interceptor.JwtInterceptor - JwtInterceptor拦截器运行
2024-09-18 19:25:35 INFO  com.xian.interceptor.JwtInterceptor - 拦截URL:[/online/chapters//getChapterVideo/1]
2024-09-18 19:25:36 INFO  com.xian.interceptor.JwtInterceptor - redis中用户信息为：{userType=teacher, userId=4, username=lz}
2024-09-18 19:25:36 INFO  com.zaxxer.hikari.HikariDataSource - HikariPool-1 - Starting...
2024-09-18 19:25:36 INFO  com.zaxxer.hikari.HikariDataSource - HikariPool-1 - Start completed.
2024-09-18 19:26:58 INFO  com.zaxxer.hikari.HikariDataSource - HikariPool-1 - Shutdown initiated...
2024-09-18 19:26:59 INFO  com.zaxxer.hikari.HikariDataSource - HikariPool-1 - Shutdown completed.
2024-09-18 19:27:02 INFO  c.x.OnlineEducationPlatformWebApplication - Starting OnlineEducationPlatformWebApplication using Java 1.8.0_391 on LAPTOP-1KP0AUAC with PID 10296 (D:\code\online-education-platform\online-education-platform-web\target\classes started by 19845 in D:\code\online-education-platform)
2024-09-18 19:27:02 INFO  c.x.OnlineEducationPlatformWebApplication - No active profile set, falling back to 1 default profile: "default"
2024-09-18 19:27:03 INFO  o.s.d.r.c.RepositoryConfigurationDelegate - Multiple Spring Data modules found, entering strict repository configuration mode
2024-09-18 19:27:03 INFO  o.s.d.r.c.RepositoryConfigurationDelegate - Bootstrapping Spring Data Redis repositories in DEFAULT mode.
2024-09-18 19:27:03 INFO  o.s.d.r.c.RepositoryConfigurationDelegate - Finished Spring Data repository scanning in 6 ms. Found 0 Redis repository interfaces.
2024-09-18 19:27:03 INFO  o.s.b.w.e.tomcat.TomcatWebServer - Tomcat initialized with port(s): 8080 (http)
2024-09-18 19:27:03 INFO  o.a.catalina.core.StandardService - Starting service [Tomcat]
2024-09-18 19:27:03 INFO  o.a.catalina.core.StandardEngine - Starting Servlet engine: [Apache Tomcat/9.0.65]
2024-09-18 19:27:03 INFO  o.a.c.c.C.[Tomcat].[localhost].[/] - Initializing Spring embedded WebApplicationContext
2024-09-18 19:27:03 INFO  o.s.b.w.s.c.ServletWebServerApplicationContext - Root WebApplicationContext: initialization completed in 766 ms
2024-09-18 19:27:04 INFO  com.xian.config.WebMvcConfiguration - 生成接口文档
2024-09-18 19:27:04 INFO  o.s.b.w.e.tomcat.TomcatWebServer - Tomcat started on port(s): 8080 (http) with context path ''
2024-09-18 19:27:04 INFO  c.x.scheduler.UserRegisterConsumer - 开始处理用户注册消息 每 1 秒执行一次
2024-09-18 19:27:04 INFO  c.x.OnlineEducationPlatformWebApplication - Started OnlineEducationPlatformWebApplication in 2.118 seconds (JVM running for 2.563)
2024-09-18 19:27:06 INFO  o.a.c.c.C.[Tomcat].[localhost].[/] - Initializing Spring DispatcherServlet 'dispatcherServlet'
2024-09-18 19:27:06 INFO  o.s.web.servlet.DispatcherServlet - Initializing Servlet 'dispatcherServlet'
2024-09-18 19:27:06 INFO  o.s.web.servlet.DispatcherServlet - Completed initialization in 1 ms
2024-09-18 19:27:06 INFO  com.xian.interceptor.JwtInterceptor - JwtInterceptor拦截器运行
2024-09-18 19:27:06 INFO  com.xian.interceptor.JwtInterceptor - 拦截URL:[/online/chapters//getChapterVideo/1]
2024-09-18 19:27:07 INFO  com.xian.interceptor.JwtInterceptor - redis中用户信息为：{userType=teacher, userId=4, username=lz}
2024-09-18 19:27:07 INFO  com.zaxxer.hikari.HikariDataSource - HikariPool-1 - Starting...
2024-09-18 19:27:07 INFO  com.zaxxer.hikari.HikariDataSource - HikariPool-1 - Start completed.
2024-09-18 19:29:06 INFO  com.xian.interceptor.JwtInterceptor - JwtInterceptor拦截器运行
2024-09-18 19:29:06 INFO  com.xian.interceptor.JwtInterceptor - 拦截URL:[/online/chapters//getChapterVideo/1]
2024-09-18 19:29:06 INFO  com.xian.interceptor.JwtInterceptor - redis中用户信息为：{userType=teacher, userId=4, username=lz}
2024-09-18 19:29:39 INFO  com.xian.interceptor.JwtInterceptor - JwtInterceptor拦截器运行
2024-09-18 19:29:39 INFO  com.xian.interceptor.JwtInterceptor - 拦截URL:[/online/chapters/addChapter]
2024-09-18 19:29:39 INFO  com.xian.interceptor.JwtInterceptor - redis中用户信息为：{userType=teacher, userId=4, username=lz}
2024-09-18 19:29:43 INFO  c.x.service.impl.ChaptersServiceImpl - chapters:com.xian.model.Chapters@2e1c4a67
2024-09-18 19:29:49 INFO  com.xian.interceptor.JwtInterceptor - JwtInterceptor拦截器运行
2024-09-18 19:29:49 INFO  com.xian.interceptor.JwtInterceptor - 拦截URL:[/online/chapters//getChapterVideo/1]
2024-09-18 19:29:49 INFO  com.xian.interceptor.JwtInterceptor - redis中用户信息为：{userType=teacher, userId=4, username=lz}
